<?xml version="1.0" encoding="UTF-8"?>
<!-- Generated by org.testng.reporters.JUnitReportReporter -->
<testsuite hostname="DESKTOP-TO5GAEF" failures="0" tests="2" name="document.documentTest" time="24.348" errors="0" timestamp="17 Jul 2019 07:03:32 GMT" skipped="0">
  <testcase classname="document.documentTest" name="openDoc" time="6.697"/>
  <testcase classname="document.documentTest" name="documentsMulitipleChoice" time="17.651"/>
</testsuite> <!-- document.documentTest -->
